<?xml version="1.0" encoding="UTF-8"?>
<!-- Generated by org.testng.reporters.JUnitXMLReporter -->
<testsuite hostname="yougeshghildyal" ignored="14" name="Test" tests="20" failures="3" timestamp="2021-07-01T16:39:12 IST" time="278.08" errors="0">
  <testcase name="Blog" time="3.089" classname="com.selenium.Test.SearchTest"/>
  <testcase name="ChangeTogglebar" time="4.012" classname="com.selenium.Test.SearchTest"/>
  <testcase name="InvalidSearchBus" time="1.967" classname="com.selenium.Test.SearchTest">
    <failure type="java.lang.AssertionError" message="expected [Delhi to Chandigarh Bus Tickets Booking, Save upto 25% - redBus] but found [Book Bus Travels, AC Volvo Bus, rPool &amp;amp; Bus Hire - redBus India]">
      <![CDATA[java.lang.AssertionError: expected [Delhi to Chandigarh Bus Tickets Booking, Save upto 25% - redBus] but found [Book Bus Travels, AC Volvo Bus, rPool & Bus Hire - redBus India]
at com.selenium.Test.SearchTest.InvalidSearchBus(SearchTest.java:61)
at java.util.ArrayList.forEach(ArrayList.java:1257)
... Removed 33 stack frames]]>
    </failure>
  </testcase> <!-- InvalidSearchBus -->
  <testcase name="Modifyresult" time="7.613" classname="com.selenium.Test.SearchTest"/>
  <testcase name="SearchBus" time="4.86" classname="com.selenium.Test.SearchTest"/>
  <testcase name="SwitchOperatorDirectories" time="5.972" classname="com.selenium.Test.OperatorTest"/>
  <testcase name="TopOperator" time="7.058" classname="com.selenium.Test.OperatorTest"/>
  <testcase name="ContactUs" time="3.724" classname="com.selenium.Test.HomeTest"/>
  <testcase name="InvalidManageBooking" time="2.719" classname="com.selenium.Test.HomeTest"/>
  <testcase name="RPollHelp" time="8.313" classname="com.selenium.Test.HomeTest"/>
  <testcase name="changeCountry" time="6.881" classname="com.selenium.Test.HomeTest"/>
  <testcase name="Play" time="10.076" classname="com.selenium.Test.RPollTest"/>
  <testcase name="Switch" time="2.6" classname="com.selenium.Test.RPollTest"/>
  <testcase name="TrustedBrand" time="6.329" classname="com.selenium.Test.AwardRecognitionTest"/>
  <testcase name="IN_ValidLogin" time="7.998" classname="com.selenium.Test.LoginTest">
    <failure type="java.lang.AssertionError" message="expected [ Book Bus Travels, AC Volvo Bus, rPool &amp;amp; Bus Hire - redBus India ] but found [Sign in - Google Accounts]">
      <![CDATA[java.lang.AssertionError: expected [ Book Bus Travels, AC Volvo Bus, rPool & Bus Hire - redBus India ] but found [Sign in - Google Accounts]
at com.selenium.Test.LoginTest.IN_ValidLogin(LoginTest.java:94)
at java.util.ArrayList.forEach(ArrayList.java:1257)
... Removed 33 stack frames]]>
    </failure>
  </testcase> <!-- IN_ValidLogin -->
  <testcase name="ValidLogin" time="13.311" classname="com.selenium.Test.LoginTest"/>
  <testcase name="RedBusCare" time="3.424" classname="com.selenium.Test.RedBusCareTest"/>
  <testcase name="AirPortType" time="15.365" classname="com.selenium.Test.BusHireTest"/>
  <testcase name="LocalType" time="21.206" classname="com.selenium.Test.BusHireTest"/>
  <testcase name="OutstationType" time="10.501" classname="com.selenium.Test.BusHireTest">
    <failure type="org.openqa.selenium.ElementClickInterceptedException" message="element click intercepted: Element &amp;lt;div id=&amp;quot;OSLeadGen_DoJStart&amp;quot;&amp;gt;...&amp;lt;/div&amp;gt; is not clickable at point (115, 312). Other element would receive the click: &amp;lt;input pattern=&amp;quot;[1-9][0-9]$&amp;quot; id=&amp;quot;numberOfPax&amp;quot; class=&amp;quot;inputboxcontainerinactive&amp;quot; type=&amp;quot;number&amp;quot; placeholder=&amp;quot;Max 60&amp;quot;&amp;gt;
  (Session info: chrome=91.0.4472.124)
Build info: version: &amp;apos;3.141.59&amp;apos;, revision: &amp;apos;e82be7d358&amp;apos;, time: &amp;apos;2018-11-14T08:17:03&amp;apos;
System info: host: &amp;apos;YOUGESHGHILDYAL&amp;apos;, ip: &amp;apos;192.168.1.33&amp;apos;, os.name: &amp;apos;Windows 10&amp;apos;, os.arch: &amp;apos;amd64&amp;apos;, os.version: &amp;apos;10.0&amp;apos;, java.version: &amp;apos;1.8.0_221&amp;apos;
Driver info: org.openqa.selenium.chrome.ChromeDriver
Capabilities {acceptInsecureCerts: false, browserName: chrome, browserVersion: 91.0.4472.124, chrome: {chromedriverVersion: 91.0.4472.101 (af52a90bf870..., userDataDir: C:\Users\YOUGES~1\AppData\L...}, goog:chromeOptions: {debuggerAddress: localhost:58555}, javascriptEnabled: true, networkConnectionEnabled: false, pageLoadStrategy: normal, platform: WINDOWS, platformName: WINDOWS, proxy: Proxy(), setWindowRect: true, strictFileInteractability: false, timeouts: {implicit: 0, pageLoad: 300000, script: 30000}, unhandledPromptBehavior: dismiss and notify, webauthn:extension:largeBlob: true, webauthn:virtualAuthenticators: true}
Session ID: 81a97a024368b320a5da2f8ec5e53fac">
      <![CDATA[org.openqa.selenium.ElementClickInterceptedException: element click intercepted: Element <div id="OSLeadGen_DoJStart">...</div> is not clickable at point (115, 312). Other element would receive the click: <input pattern="[1-9][0-9]$" id="numberOfPax" class="inputboxcontainerinactive" type="number" placeholder="Max 60">
  (Session info: chrome=91.0.4472.124)
Build info: version: '3.141.59', revision: 'e82be7d358', time: '2018-11-14T08:17:03'
System info: host: 'YOUGESHGHILDYAL', ip: '192.168.1.33', os.name: 'Windows 10', os.arch: 'amd64', os.version: '10.0', java.version: '1.8.0_221'
Driver info: org.openqa.selenium.chrome.ChromeDriver
Capabilities {acceptInsecureCerts: false, browserName: chrome, browserVersion: 91.0.4472.124, chrome: {chromedriverVersion: 91.0.4472.101 (af52a90bf870..., userDataDir: C:\Users\YOUGES~1\AppData\L...}, goog:chromeOptions: {debuggerAddress: localhost:58555}, javascriptEnabled: true, networkConnectionEnabled: false, pageLoadStrategy: normal, platform: WINDOWS, platformName: WINDOWS, proxy: Proxy(), setWindowRect: true, strictFileInteractability: false, timeouts: {implicit: 0, pageLoad: 300000, script: 30000}, unhandledPromptBehavior: dismiss and notify, webauthn:extension:largeBlob: true, webauthn:virtualAuthenticators: true}
Session ID: 81a97a024368b320a5da2f8ec5e53fac
at org.openqa.selenium.remote.http.W3CHttpResponseCodec.createException(W3CHttpResponseCodec.java:187)
at org.openqa.selenium.remote.http.W3CHttpResponseCodec.decode(W3CHttpResponseCodec.java:122)
at org.openqa.selenium.remote.http.W3CHttpResponseCodec.decode(W3CHttpResponseCodec.java:49)
at org.openqa.selenium.remote.HttpCommandExecutor.execute(HttpCommandExecutor.java:158)
at org.openqa.selenium.remote.service.DriverCommandExecutor.execute(DriverCommandExecutor.java:83)
at org.openqa.selenium.remote.RemoteWebDriver.execute(RemoteWebDriver.java:552)
at org.openqa.selenium.remote.RemoteWebElement.execute(RemoteWebElement.java:285)
at org.openqa.selenium.remote.RemoteWebElement.click(RemoteWebElement.java:84)
at org.openqa.selenium.support.pagefactory.internal.LocatingElementHandler.invoke(LocatingElementHandler.java:51)
at com.sun.proxy.$Proxy12.click(Unknown Source)
at com.selenium.Pages.BusHirePage.ClickFromDate(BusHirePage.java:122)
at com.selenium.Test.BusHireTest.OutstationType(BusHireTest.java:50)
at java.util.ArrayList.forEach(ArrayList.java:1257)
... Removed 34 stack frames]]>
    </failure>
  </testcase> <!-- OutstationType -->
  <testcase name="@BeforeSuite setExtent" time="0.0" classname="com.selenium.Test.BaseTest">
    <ignored/>
  </testcase> <!-- @BeforeSuite setExtent -->
  <testcase name="@BeforeSuite setExtent" time="0.0" classname="com.selenium.Test.BaseTest">
    <ignored/>
  </testcase> <!-- @BeforeSuite setExtent -->
  <testcase name="@BeforeSuite setExtent" time="0.0" classname="com.selenium.Test.BaseTest">
    <ignored/>
  </testcase> <!-- @BeforeSuite setExtent -->
  <testcase name="@BeforeSuite setExtent" time="0.0" classname="com.selenium.Test.BaseTest">
    <ignored/>
  </testcase> <!-- @BeforeSuite setExtent -->
  <testcase name="@BeforeSuite setExtent" time="0.0" classname="com.selenium.Test.BaseTest">
    <ignored/>
  </testcase> <!-- @BeforeSuite setExtent -->
  <testcase name="@BeforeSuite setExtent" time="0.0" classname="com.selenium.Test.BaseTest">
    <ignored/>
  </testcase> <!-- @BeforeSuite setExtent -->
  <testcase name="@BeforeSuite setExtent" time="0.0" classname="com.selenium.Test.BaseTest">
    <ignored/>
  </testcase> <!-- @BeforeSuite setExtent -->
  <testcase name="@AfterSuite endReport" time="0.0" classname="com.selenium.Test.BaseTest">
    <ignored/>
  </testcase> <!-- @AfterSuite endReport -->
  <testcase name="@AfterSuite endReport" time="0.0" classname="com.selenium.Test.BaseTest">
    <ignored/>
  </testcase> <!-- @AfterSuite endReport -->
  <testcase name="@AfterSuite endReport" time="0.0" classname="com.selenium.Test.BaseTest">
    <ignored/>
  </testcase> <!-- @AfterSuite endReport -->
  <testcase name="@AfterSuite endReport" time="0.0" classname="com.selenium.Test.BaseTest">
    <ignored/>
  </testcase> <!-- @AfterSuite endReport -->
  <testcase name="@AfterSuite endReport" time="0.0" classname="com.selenium.Test.BaseTest">
    <ignored/>
  </testcase> <!-- @AfterSuite endReport -->
  <testcase name="@AfterSuite endReport" time="0.0" classname="com.selenium.Test.BaseTest">
    <ignored/>
  </testcase> <!-- @AfterSuite endReport -->
  <testcase name="@AfterSuite endReport" time="0.0" classname="com.selenium.Test.BaseTest">
    <ignored/>
  </testcase> <!-- @AfterSuite endReport -->
</testsuite> <!-- Test -->
