<?xml version="1.0" encoding="UTF-8"?>
<!-- Generated by org.testng.reporters.JUnitXMLReporter -->
<testsuite hostname="yougeshghildyal" ignored="14" name="Test" tests="20" failures="3" timestamp="2021-07-05T21:23:09 IST" time="300.883" errors="0">
  <testcase name="Blog" time="3.8" classname="com.selenium.Test.SearchBusTest"/>
  <testcase name="ChangeTogglebar" time="4.156" classname="com.selenium.Test.SearchBusTest"/>
  <testcase name="InvalidSearchBus" time="1.562" classname="com.selenium.Test.SearchBusTest">
    <failure type="java.lang.AssertionError" message="expected [Delhi to Chandigarh Bus Tickets Booking, Save upto 25% - redBus] but found [Book Bus Travels, AC Volvo Bus, rPool &amp;amp; Bus Hire - redBus India]">
      <![CDATA[java.lang.AssertionError: expected [Delhi to Chandigarh Bus Tickets Booking, Save upto 25% - redBus] but found [Book Bus Travels, AC Volvo Bus, rPool & Bus Hire - redBus India]
at com.selenium.Test.SearchBusTest.InvalidSearchBus(SearchBusTest.java:61)
at java.util.ArrayList.forEach(ArrayList.java:1257)
... Removed 33 stack frames]]>
    </failure>
  </testcase> <!-- InvalidSearchBus -->
  <testcase name="Modifyresult" time="9.988" classname="com.selenium.Test.SearchBusTest"/>
  <testcase name="SearchBus" time="5.161" classname="com.selenium.Test.SearchBusTest"/>
  <testcase name="SwitchOperatorDirectories" time="7.081" classname="com.selenium.Test.OperatorTest"/>
  <testcase name="TopOperator" time="7.685" classname="com.selenium.Test.OperatorTest"/>
  <testcase name="ContactUs" time="3.687" classname="com.selenium.Test.HomeTest"/>
  <testcase name="InvalidManageBooking" time="3.561" classname="com.selenium.Test.HomeTest">
    <failure type="java.lang.AssertionError" message="expected [Something went wrong, please try again later] but found [Something went wrong, please try again later!]">
      <![CDATA[java.lang.AssertionError: expected [Something went wrong, please try again later] but found [Something went wrong, please try again later!]
at com.selenium.Test.HomeTest.InvalidManageBooking(HomeTest.java:67)
at java.util.ArrayList.forEach(ArrayList.java:1257)
... Removed 33 stack frames]]>
    </failure>
  </testcase> <!-- InvalidManageBooking -->
  <testcase name="RPollHelp" time="8.262" classname="com.selenium.Test.HomeTest"/>
  <testcase name="changeCountry" time="6.995" classname="com.selenium.Test.HomeTest"/>
  <testcase name="Play" time="20.995" classname="com.selenium.Test.RPollTest"/>
  <testcase name="Switch" time="1.578" classname="com.selenium.Test.RPollTest"/>
  <testcase name="TrustedBrand" time="5.642" classname="com.selenium.Test.AwardRecognitionTest"/>
  <testcase name="IN_ValidLogin" time="9.117" classname="com.selenium.Test.LoginTest">
    <failure type="java.lang.AssertionError" message="expected [ Book Bus Travels, AC Volvo Bus, rPool &amp;amp; Bus Hire - redBus India ] but found [Sign in - Google Accounts]">
      <![CDATA[java.lang.AssertionError: expected [ Book Bus Travels, AC Volvo Bus, rPool & Bus Hire - redBus India ] but found [Sign in - Google Accounts]
at com.selenium.Test.LoginTest.IN_ValidLogin(LoginTest.java:97)
at java.util.ArrayList.forEach(ArrayList.java:1257)
... Removed 33 stack frames]]>
    </failure>
  </testcase> <!-- IN_ValidLogin -->
  <testcase name="ValidLogin" time="14.541" classname="com.selenium.Test.LoginTest"/>
  <testcase name="RedBusCare" time="3.519" classname="com.selenium.Test.RedBusCareTest"/>
  <testcase name="AirPortType" time="19.204" classname="com.selenium.Test.BusHireTest"/>
  <testcase name="LocalType" time="16.082" classname="com.selenium.Test.BusHireTest"/>
  <testcase name="OutstationType" time="18.998" classname="com.selenium.Test.BusHireTest"/>
  <testcase name="@BeforeSuite setExtent" time="0.0" classname="com.selenium.Test.BaseTest">
    <ignored/>
  </testcase> <!-- @BeforeSuite setExtent -->
  <testcase name="@BeforeSuite setExtent" time="0.0" classname="com.selenium.Test.BaseTest">
    <ignored/>
  </testcase> <!-- @BeforeSuite setExtent -->
  <testcase name="@BeforeSuite setExtent" time="0.0" classname="com.selenium.Test.BaseTest">
    <ignored/>
  </testcase> <!-- @BeforeSuite setExtent -->
  <testcase name="@BeforeSuite setExtent" time="0.0" classname="com.selenium.Test.BaseTest">
    <ignored/>
  </testcase> <!-- @BeforeSuite setExtent -->
  <testcase name="@BeforeSuite setExtent" time="0.0" classname="com.selenium.Test.BaseTest">
    <ignored/>
  </testcase> <!-- @BeforeSuite setExtent -->
  <testcase name="@BeforeSuite setExtent" time="0.0" classname="com.selenium.Test.BaseTest">
    <ignored/>
  </testcase> <!-- @BeforeSuite setExtent -->
  <testcase name="@BeforeSuite setExtent" time="0.0" classname="com.selenium.Test.BaseTest">
    <ignored/>
  </testcase> <!-- @BeforeSuite setExtent -->
  <testcase name="@AfterSuite endReport" time="0.0" classname="com.selenium.Test.BaseTest">
    <ignored/>
  </testcase> <!-- @AfterSuite endReport -->
  <testcase name="@AfterSuite endReport" time="0.0" classname="com.selenium.Test.BaseTest">
    <ignored/>
  </testcase> <!-- @AfterSuite endReport -->
  <testcase name="@AfterSuite endReport" time="0.0" classname="com.selenium.Test.BaseTest">
    <ignored/>
  </testcase> <!-- @AfterSuite endReport -->
  <testcase name="@AfterSuite endReport" time="0.0" classname="com.selenium.Test.BaseTest">
    <ignored/>
  </testcase> <!-- @AfterSuite endReport -->
  <testcase name="@AfterSuite endReport" time="0.0" classname="com.selenium.Test.BaseTest">
    <ignored/>
  </testcase> <!-- @AfterSuite endReport -->
  <testcase name="@AfterSuite endReport" time="0.0" classname="com.selenium.Test.BaseTest">
    <ignored/>
  </testcase> <!-- @AfterSuite endReport -->
  <testcase name="@AfterSuite endReport" time="0.0" classname="com.selenium.Test.BaseTest">
    <ignored/>
  </testcase> <!-- @AfterSuite endReport -->
</testsuite> <!-- Test -->
