<?xml version="1.0" encoding="UTF-8"?>
<testng-results skipped="0" failed="5" ignored="14" total="34" passed="15">
  <reporter-output>
  </reporter-output>
  <suite name="Suite" duration-ms="298776" started-at="2021-07-05T19:50:36 IST" finished-at="2021-07-05T19:55:35 IST">
    <groups>
    </groups>
    <test name="Test" duration-ms="298776" started-at="2021-07-05T19:50:36 IST" finished-at="2021-07-05T19:55:35 IST">
      <class name="com.selenium.Test.RPollTest">
        <test-method status="PASS" signature="intializeWebdriver()[pri:0, instance:com.selenium.Test.RPollTest@587c290d]" name="intializeWebdriver" is-config="true" duration-ms="1669" started-at="2021-07-05T19:52:46 IST" finished-at="2021-07-05T19:52:48 IST">
          <reporter-output>
          </reporter-output>
        </test-method> <!-- intializeWebdriver -->
        <test-method status="PASS" signature="openBrowser()[pri:0, instance:com.selenium.Test.RPollTest@587c290d]" name="openBrowser" is-config="true" duration-ms="3001" started-at="2021-07-05T19:52:48 IST" finished-at="2021-07-05T19:52:51 IST">
          <reporter-output>
          </reporter-output>
        </test-method> <!-- openBrowser -->
        <test-method status="PASS" signature="Play()[pri:0, instance:com.selenium.Test.RPollTest@587c290d]" name="Play" duration-ms="17758" started-at="2021-07-05T19:52:51 IST" finished-at="2021-07-05T19:53:08 IST">
          <reporter-output>
          </reporter-output>
        </test-method> <!-- Play -->
        <test-method status="PASS" signature="attachScreenshot(org.testng.ITestResult)[pri:0, instance:com.selenium.Test.RPollTest@587c290d]" name="attachScreenshot" is-config="true" duration-ms="0" started-at="2021-07-05T19:53:08 IST" finished-at="2021-07-05T19:53:08 IST">
          <params>
            <param index="0">
              <value>
                <![CDATA[[TestResult name=Play status=SUCCESS method=RPollTest.Play()[pri:0, instance:com.selenium.Test.RPollTest@587c290d] output={null}]]]>
              </value>
            </param>
          </params>
          <reporter-output>
          </reporter-output>
        </test-method> <!-- attachScreenshot -->
        <test-method status="PASS" signature="closeBrowser()[pri:0, instance:com.selenium.Test.RPollTest@587c290d]" name="closeBrowser" is-config="true" duration-ms="1135" started-at="2021-07-05T19:53:08 IST" finished-at="2021-07-05T19:53:10 IST">
          <reporter-output>
          </reporter-output>
        </test-method> <!-- closeBrowser -->
        <test-method status="PASS" signature="intializeWebdriver()[pri:0, instance:com.selenium.Test.RPollTest@587c290d]" name="intializeWebdriver" is-config="true" duration-ms="1427" started-at="2021-07-05T19:53:10 IST" finished-at="2021-07-05T19:53:11 IST">
          <reporter-output>
          </reporter-output>
        </test-method> <!-- intializeWebdriver -->
        <test-method status="PASS" signature="openBrowser()[pri:0, instance:com.selenium.Test.RPollTest@587c290d]" name="openBrowser" is-config="true" duration-ms="3774" started-at="2021-07-05T19:53:11 IST" finished-at="2021-07-05T19:53:15 IST">
          <reporter-output>
          </reporter-output>
        </test-method> <!-- openBrowser -->
        <test-method status="PASS" signature="Switch()[pri:0, instance:com.selenium.Test.RPollTest@587c290d]" name="Switch" duration-ms="2236" started-at="2021-07-05T19:53:15 IST" finished-at="2021-07-05T19:53:17 IST">
          <reporter-output>
          </reporter-output>
        </test-method> <!-- Switch -->
        <test-method status="PASS" signature="attachScreenshot(org.testng.ITestResult)[pri:0, instance:com.selenium.Test.RPollTest@587c290d]" name="attachScreenshot" is-config="true" duration-ms="1" started-at="2021-07-05T19:53:17 IST" finished-at="2021-07-05T19:53:17 IST">
          <params>
            <param index="0">
              <value>
                <![CDATA[[TestResult name=Switch status=SUCCESS method=RPollTest.Switch()[pri:0, instance:com.selenium.Test.RPollTest@587c290d] output={null}]]]>
              </value>
            </param>
          </params>
          <reporter-output>
          </reporter-output>
        </test-method> <!-- attachScreenshot -->
        <test-method status="PASS" signature="closeBrowser()[pri:0, instance:com.selenium.Test.RPollTest@587c290d]" name="closeBrowser" is-config="true" duration-ms="1165" started-at="2021-07-05T19:53:17 IST" finished-at="2021-07-05T19:53:18 IST">
          <reporter-output>
          </reporter-output>
        </test-method> <!-- closeBrowser -->
      </class> <!-- com.selenium.Test.RPollTest -->
      <class name="com.selenium.Test.HomeTest">
        <test-method status="PASS" signature="intializeWebdriver()[pri:0, instance:com.selenium.Test.HomeTest@103f852]" name="intializeWebdriver" is-config="true" duration-ms="1313" started-at="2021-07-05T19:51:57 IST" finished-at="2021-07-05T19:51:59 IST">
          <reporter-output>
          </reporter-output>
        </test-method> <!-- intializeWebdriver -->
        <test-method status="PASS" signature="openBrowser()[pri:0, instance:com.selenium.Test.HomeTest@103f852]" name="openBrowser" is-config="true" duration-ms="4599" started-at="2021-07-05T19:51:59 IST" finished-at="2021-07-05T19:52:03 IST">
          <reporter-output>
          </reporter-output>
        </test-method> <!-- openBrowser -->
        <test-method status="PASS" signature="ContactUs()[pri:0, instance:com.selenium.Test.HomeTest@103f852]" name="ContactUs" duration-ms="4114" started-at="2021-07-05T19:52:03 IST" finished-at="2021-07-05T19:52:07 IST">
          <reporter-output>
          </reporter-output>
        </test-method> <!-- ContactUs -->
        <test-method status="PASS" signature="attachScreenshot(org.testng.ITestResult)[pri:0, instance:com.selenium.Test.HomeTest@103f852]" name="attachScreenshot" is-config="true" duration-ms="1" started-at="2021-07-05T19:52:07 IST" finished-at="2021-07-05T19:52:07 IST">
          <params>
            <param index="0">
              <value>
                <![CDATA[[TestResult name=ContactUs status=SUCCESS method=HomeTest.ContactUs()[pri:0, instance:com.selenium.Test.HomeTest@103f852] output={null}]]]>
              </value>
            </param>
          </params>
          <reporter-output>
          </reporter-output>
        </test-method> <!-- attachScreenshot -->
        <test-method status="PASS" signature="closeBrowser()[pri:0, instance:com.selenium.Test.HomeTest@103f852]" name="closeBrowser" is-config="true" duration-ms="1374" started-at="2021-07-05T19:52:07 IST" finished-at="2021-07-05T19:52:09 IST">
          <reporter-output>
          </reporter-output>
        </test-method> <!-- closeBrowser -->
        <test-method status="PASS" signature="intializeWebdriver()[pri:0, instance:com.selenium.Test.HomeTest@103f852]" name="intializeWebdriver" is-config="true" duration-ms="2080" started-at="2021-07-05T19:52:09 IST" finished-at="2021-07-05T19:52:11 IST">
          <reporter-output>
          </reporter-output>
        </test-method> <!-- intializeWebdriver -->
        <test-method status="PASS" signature="openBrowser()[pri:0, instance:com.selenium.Test.HomeTest@103f852]" name="openBrowser" is-config="true" duration-ms="4290" started-at="2021-07-05T19:52:11 IST" finished-at="2021-07-05T19:52:15 IST">
          <reporter-output>
          </reporter-output>
        </test-method> <!-- openBrowser -->
        <test-method status="FAIL" signature="InvalidManageBooking(java.lang.String, java.lang.String, java.lang.String)[pri:0, instance:com.selenium.Test.HomeTest@103f852]" name="InvalidManageBooking" duration-ms="3439" started-at="2021-07-05T19:52:15 IST" data-provider="ManageBooking" finished-at="2021-07-05T19:52:19 IST">
          <params>
            <param index="0">
              <value>
                <![CDATA[1234567890]]>
              </value>
            </param>
            <param index="1">
              <value>
                <![CDATA[yogi@gmail.com]]>
              </value>
            </param>
            <param index="2">
              <value>
                <![CDATA[Yes]]>
              </value>
            </param>
          </params>
          <exception class="java.lang.AssertionError">
            <message>
              <![CDATA[expected [Something went wrong, please try again later] but found [Something went wrong, please try again later!]]]>
            </message>
            <full-stacktrace>
              <![CDATA[java.lang.AssertionError: expected [Something went wrong, please try again later] but found [Something went wrong, please try again later!]
at org.testng.Assert.fail(Assert.java:99)
at org.testng.Assert.failNotEquals(Assert.java:1037)
at org.testng.Assert.assertEqualsImpl(Assert.java:140)
at org.testng.Assert.assertEquals(Assert.java:122)
at org.testng.Assert.assertEquals(Assert.java:629)
at org.testng.Assert.assertEquals(Assert.java:639)
at com.selenium.Test.HomeTest.InvalidManageBooking(HomeTest.java:67)
at sun.reflect.NativeMethodAccessorImpl.invoke0(Native Method)
at sun.reflect.NativeMethodAccessorImpl.invoke(NativeMethodAccessorImpl.java:62)
at sun.reflect.DelegatingMethodAccessorImpl.invoke(DelegatingMethodAccessorImpl.java:43)
at java.lang.reflect.Method.invoke(Method.java:498)
at org.testng.internal.MethodInvocationHelper.invokeMethod(MethodInvocationHelper.java:132)
at org.testng.internal.TestInvoker.invokeMethod(TestInvoker.java:599)
at org.testng.internal.TestInvoker.invokeTestMethod(TestInvoker.java:174)
at org.testng.internal.MethodRunner.runInSequence(MethodRunner.java:46)
at org.testng.internal.TestInvoker$MethodInvocationAgent.invoke(TestInvoker.java:822)
at org.testng.internal.TestInvoker.invokeTestMethods(TestInvoker.java:147)
at org.testng.internal.TestMethodWorker.invokeTestMethods(TestMethodWorker.java:146)
at org.testng.internal.TestMethodWorker.run(TestMethodWorker.java:128)
at java.util.ArrayList.forEach(ArrayList.java:1257)
at org.testng.TestRunner.privateRun(TestRunner.java:764)
at org.testng.TestRunner.run(TestRunner.java:585)
at org.testng.SuiteRunner.runTest(SuiteRunner.java:384)
at org.testng.SuiteRunner.runSequentially(SuiteRunner.java:378)
at org.testng.SuiteRunner.privateRun(SuiteRunner.java:337)
at org.testng.SuiteRunner.run(SuiteRunner.java:286)
at org.testng.SuiteRunnerWorker.runSuite(SuiteRunnerWorker.java:53)
at org.testng.SuiteRunnerWorker.run(SuiteRunnerWorker.java:96)
at org.testng.TestNG.runSuitesSequentially(TestNG.java:1218)
at org.testng.TestNG.runSuitesLocally(TestNG.java:1140)
at org.testng.TestNG.runSuites(TestNG.java:1069)
at org.testng.TestNG.run(TestNG.java:1037)
at org.testng.remote.AbstractRemoteTestNG.run(AbstractRemoteTestNG.java:115)
at org.testng.remote.RemoteTestNG.initAndRun(RemoteTestNG.java:251)
at org.testng.remote.RemoteTestNG.main(RemoteTestNG.java:77)
]]>
            </full-stacktrace>
          </exception> <!-- java.lang.AssertionError -->
          <reporter-output>
          </reporter-output>
        </test-method> <!-- InvalidManageBooking -->
        <test-method status="PASS" signature="attachScreenshot(org.testng.ITestResult)[pri:0, instance:com.selenium.Test.HomeTest@103f852]" name="attachScreenshot" is-config="true" duration-ms="275" started-at="2021-07-05T19:52:19 IST" finished-at="2021-07-05T19:52:19 IST">
          <params>
            <param index="0">
              <value>
                <![CDATA[[TestResult name=InvalidManageBooking status=FAILURE method=HomeTest.InvalidManageBooking(java.lang.String, java.lang.String, java.lang.String)[pri:0, instance:com.selenium.Test.HomeTest@103f852] output={null}]]]>
              </value>
            </param>
          </params>
          <reporter-output>
          </reporter-output>
        </test-method> <!-- attachScreenshot -->
        <test-method status="PASS" signature="closeBrowser()[pri:0, instance:com.selenium.Test.HomeTest@103f852]" name="closeBrowser" is-config="true" duration-ms="1185" started-at="2021-07-05T19:52:19 IST" finished-at="2021-07-05T19:52:20 IST">
          <reporter-output>
          </reporter-output>
        </test-method> <!-- closeBrowser -->
        <test-method status="PASS" signature="intializeWebdriver()[pri:0, instance:com.selenium.Test.HomeTest@103f852]" name="intializeWebdriver" is-config="true" duration-ms="1389" started-at="2021-07-05T19:52:20 IST" finished-at="2021-07-05T19:52:22 IST">
          <reporter-output>
          </reporter-output>
        </test-method> <!-- intializeWebdriver -->
        <test-method status="PASS" signature="openBrowser()[pri:0, instance:com.selenium.Test.HomeTest@103f852]" name="openBrowser" is-config="true" duration-ms="3264" started-at="2021-07-05T19:52:22 IST" finished-at="2021-07-05T19:52:25 IST">
          <reporter-output>
          </reporter-output>
        </test-method> <!-- openBrowser -->
        <test-method status="PASS" signature="RPollHelp()[pri:0, instance:com.selenium.Test.HomeTest@103f852]" name="RPollHelp" duration-ms="7268" started-at="2021-07-05T19:52:25 IST" finished-at="2021-07-05T19:52:32 IST">
          <reporter-output>
          </reporter-output>
        </test-method> <!-- RPollHelp -->
        <test-method status="PASS" signature="attachScreenshot(org.testng.ITestResult)[pri:0, instance:com.selenium.Test.HomeTest@103f852]" name="attachScreenshot" is-config="true" duration-ms="1" started-at="2021-07-05T19:52:32 IST" finished-at="2021-07-05T19:52:32 IST">
          <params>
            <param index="0">
              <value>
                <![CDATA[[TestResult name=RPollHelp status=SUCCESS method=HomeTest.RPollHelp()[pri:0, instance:com.selenium.Test.HomeTest@103f852] output={null}]]]>
              </value>
            </param>
          </params>
          <reporter-output>
          </reporter-output>
        </test-method> <!-- attachScreenshot -->
        <test-method status="PASS" signature="closeBrowser()[pri:0, instance:com.selenium.Test.HomeTest@103f852]" name="closeBrowser" is-config="true" duration-ms="900" started-at="2021-07-05T19:52:32 IST" finished-at="2021-07-05T19:52:33 IST">
          <reporter-output>
          </reporter-output>
        </test-method> <!-- closeBrowser -->
        <test-method status="PASS" signature="intializeWebdriver()[pri:0, instance:com.selenium.Test.HomeTest@103f852]" name="intializeWebdriver" is-config="true" duration-ms="1394" started-at="2021-07-05T19:52:33 IST" finished-at="2021-07-05T19:52:34 IST">
          <reporter-output>
          </reporter-output>
        </test-method> <!-- intializeWebdriver -->
        <test-method status="PASS" signature="openBrowser()[pri:0, instance:com.selenium.Test.HomeTest@103f852]" name="openBrowser" is-config="true" duration-ms="3013" started-at="2021-07-05T19:52:34 IST" finished-at="2021-07-05T19:52:37 IST">
          <reporter-output>
          </reporter-output>
        </test-method> <!-- openBrowser -->
        <test-method status="PASS" signature="changeCountry()[pri:0, instance:com.selenium.Test.HomeTest@103f852]" name="changeCountry" duration-ms="7366" started-at="2021-07-05T19:52:37 IST" finished-at="2021-07-05T19:52:45 IST">
          <reporter-output>
          </reporter-output>
        </test-method> <!-- changeCountry -->
        <test-method status="PASS" signature="attachScreenshot(org.testng.ITestResult)[pri:0, instance:com.selenium.Test.HomeTest@103f852]" name="attachScreenshot" is-config="true" duration-ms="2" started-at="2021-07-05T19:52:45 IST" finished-at="2021-07-05T19:52:45 IST">
          <params>
            <param index="0">
              <value>
                <![CDATA[[TestResult name=changeCountry status=SUCCESS method=HomeTest.changeCountry()[pri:0, instance:com.selenium.Test.HomeTest@103f852] output={null}]]]>
              </value>
            </param>
          </params>
          <reporter-output>
          </reporter-output>
        </test-method> <!-- attachScreenshot -->
        <test-method status="PASS" signature="closeBrowser()[pri:0, instance:com.selenium.Test.HomeTest@103f852]" name="closeBrowser" is-config="true" duration-ms="1238" started-at="2021-07-05T19:52:45 IST" finished-at="2021-07-05T19:52:46 IST">
          <reporter-output>
          </reporter-output>
        </test-method> <!-- closeBrowser -->
      </class> <!-- com.selenium.Test.HomeTest -->
      <class name="com.selenium.Test.RedBusCareTest">
        <test-method status="PASS" signature="intializeWebdriver()[pri:0, instance:com.selenium.Test.RedBusCareTest@543788f3]" name="intializeWebdriver" is-config="true" duration-ms="1344" started-at="2021-07-05T19:54:03 IST" finished-at="2021-07-05T19:54:04 IST">
          <reporter-output>
          </reporter-output>
        </test-method> <!-- intializeWebdriver -->
        <test-method status="PASS" signature="openBrowser()[pri:0, instance:com.selenium.Test.RedBusCareTest@543788f3]" name="openBrowser" is-config="true" duration-ms="3225" started-at="2021-07-05T19:54:04 IST" finished-at="2021-07-05T19:54:08 IST">
          <reporter-output>
          </reporter-output>
        </test-method> <!-- openBrowser -->
        <test-method status="FAIL" signature="RedBusCare(java.lang.String, java.lang.String, java.lang.String, java.lang.String)[pri:0, instance:com.selenium.Test.RedBusCareTest@543788f3]" name="RedBusCare" duration-ms="20179" started-at="2021-07-05T19:54:08 IST" data-provider="CareFund" finished-at="2021-07-05T19:54:28 IST">
          <params>
            <param index="0">
              <value>
                <![CDATA[Yogesh]]>
              </value>
            </param>
            <param index="1">
              <value>
                <![CDATA[yogi@gmail.com]]>
              </value>
            </param>
            <param index="2">
              <value>
                <![CDATA[9868645123]]>
              </value>
            </param>
            <param index="3">
              <value>
                <![CDATA[Yes]]>
              </value>
            </param>
          </params>
          <exception class="org.openqa.selenium.NoSuchElementException">
            <message>
              <![CDATA[no such element: Unable to locate element: {"method":"xpath","selector":"//*[@id="offer_container"]/li[3]/span/span[2]/img"}
  (Session info: chrome=91.0.4472.124)
For documentation on this error, please visit: https://www.seleniumhq.org/exceptions/no_such_element.html
Build info: version: '3.141.59', revision: 'e82be7d358', time: '2018-11-14T08:17:03'
System info: host: 'YOUGESHGHILDYAL', ip: '192.168.1.33', os.name: 'Windows 10', os.arch: 'amd64', os.version: '10.0', java.version: '1.8.0_221'
Driver info: org.openqa.selenium.chrome.ChromeDriver
Capabilities {acceptInsecureCerts: false, browserName: chrome, browserVersion: 91.0.4472.124, chrome: {chromedriverVersion: 91.0.4472.101 (af52a90bf870..., userDataDir: C:\Users\YOUGES~1\AppData\L...}, goog:chromeOptions: {debuggerAddress: localhost:52834}, javascriptEnabled: true, networkConnectionEnabled: false, pageLoadStrategy: normal, platform: WINDOWS, platformName: WINDOWS, proxy: Proxy(), setWindowRect: true, strictFileInteractability: false, timeouts: {implicit: 0, pageLoad: 300000, script: 30000}, unhandledPromptBehavior: dismiss and notify, webauthn:extension:largeBlob: true, webauthn:virtualAuthenticators: true}
Session ID: 124545bf300978065e8a7b74368ed312
*** Element info: {Using=xpath, value=//*[@id="offer_container"]/li[3]/span/span[2]/img}]]>
            </message>
            <full-stacktrace>
              <![CDATA[org.openqa.selenium.NoSuchElementException: no such element: Unable to locate element: {"method":"xpath","selector":"//*[@id="offer_container"]/li[3]/span/span[2]/img"}
  (Session info: chrome=91.0.4472.124)
For documentation on this error, please visit: https://www.seleniumhq.org/exceptions/no_such_element.html
Build info: version: '3.141.59', revision: 'e82be7d358', time: '2018-11-14T08:17:03'
System info: host: 'YOUGESHGHILDYAL', ip: '192.168.1.33', os.name: 'Windows 10', os.arch: 'amd64', os.version: '10.0', java.version: '1.8.0_221'
Driver info: org.openqa.selenium.chrome.ChromeDriver
Capabilities {acceptInsecureCerts: false, browserName: chrome, browserVersion: 91.0.4472.124, chrome: {chromedriverVersion: 91.0.4472.101 (af52a90bf870..., userDataDir: C:\Users\YOUGES~1\AppData\L...}, goog:chromeOptions: {debuggerAddress: localhost:52834}, javascriptEnabled: true, networkConnectionEnabled: false, pageLoadStrategy: normal, platform: WINDOWS, platformName: WINDOWS, proxy: Proxy(), setWindowRect: true, strictFileInteractability: false, timeouts: {implicit: 0, pageLoad: 300000, script: 30000}, unhandledPromptBehavior: dismiss and notify, webauthn:extension:largeBlob: true, webauthn:virtualAuthenticators: true}
Session ID: 124545bf300978065e8a7b74368ed312
*** Element info: {Using=xpath, value=//*[@id="offer_container"]/li[3]/span/span[2]/img}
at sun.reflect.NativeConstructorAccessorImpl.newInstance0(Native Method)
at sun.reflect.NativeConstructorAccessorImpl.newInstance(NativeConstructorAccessorImpl.java:62)
at sun.reflect.DelegatingConstructorAccessorImpl.newInstance(DelegatingConstructorAccessorImpl.java:45)
at java.lang.reflect.Constructor.newInstance(Constructor.java:423)
at org.openqa.selenium.remote.http.W3CHttpResponseCodec.createException(W3CHttpResponseCodec.java:187)
at org.openqa.selenium.remote.http.W3CHttpResponseCodec.decode(W3CHttpResponseCodec.java:122)
at org.openqa.selenium.remote.http.W3CHttpResponseCodec.decode(W3CHttpResponseCodec.java:49)
at org.openqa.selenium.remote.HttpCommandExecutor.execute(HttpCommandExecutor.java:158)
at org.openqa.selenium.remote.service.DriverCommandExecutor.execute(DriverCommandExecutor.java:83)
at org.openqa.selenium.remote.RemoteWebDriver.execute(RemoteWebDriver.java:552)
at org.openqa.selenium.remote.RemoteWebDriver.findElement(RemoteWebDriver.java:323)
at org.openqa.selenium.remote.RemoteWebDriver.findElementByXPath(RemoteWebDriver.java:428)
at org.openqa.selenium.By$ByXPath.findElement(By.java:353)
at org.openqa.selenium.remote.RemoteWebDriver.findElement(RemoteWebDriver.java:315)
at org.openqa.selenium.support.pagefactory.DefaultElementLocator.findElement(DefaultElementLocator.java:69)
at org.openqa.selenium.support.pagefactory.internal.LocatingElementHandler.invoke(LocatingElementHandler.java:38)
at com.sun.proxy.$Proxy12.click(Unknown Source)
at com.selenium.Pages.RedBusCarePage.ClickCare(RedBusCarePage.java:39)
at com.selenium.Test.RedBusCareTest.RedBusCare(RedBusCareTest.java:36)
at sun.reflect.NativeMethodAccessorImpl.invoke0(Native Method)
at sun.reflect.NativeMethodAccessorImpl.invoke(NativeMethodAccessorImpl.java:62)
at sun.reflect.DelegatingMethodAccessorImpl.invoke(DelegatingMethodAccessorImpl.java:43)
at java.lang.reflect.Method.invoke(Method.java:498)
at org.testng.internal.MethodInvocationHelper.invokeMethod(MethodInvocationHelper.java:132)
at org.testng.internal.TestInvoker.invokeMethod(TestInvoker.java:599)
at org.testng.internal.TestInvoker.invokeTestMethod(TestInvoker.java:174)
at org.testng.internal.MethodRunner.runInSequence(MethodRunner.java:46)
at org.testng.internal.TestInvoker$MethodInvocationAgent.invoke(TestInvoker.java:822)
at org.testng.internal.TestInvoker.invokeTestMethods(TestInvoker.java:147)
at org.testng.internal.TestMethodWorker.invokeTestMethods(TestMethodWorker.java:146)
at org.testng.internal.TestMethodWorker.run(TestMethodWorker.java:128)
at java.util.ArrayList.forEach(ArrayList.java:1257)
at org.testng.TestRunner.privateRun(TestRunner.java:764)
at org.testng.TestRunner.run(TestRunner.java:585)
at org.testng.SuiteRunner.runTest(SuiteRunner.java:384)
at org.testng.SuiteRunner.runSequentially(SuiteRunner.java:378)
at org.testng.SuiteRunner.privateRun(SuiteRunner.java:337)
at org.testng.SuiteRunner.run(SuiteRunner.java:286)
at org.testng.SuiteRunnerWorker.runSuite(SuiteRunnerWorker.java:53)
at org.testng.SuiteRunnerWorker.run(SuiteRunnerWorker.java:96)
at org.testng.TestNG.runSuitesSequentially(TestNG.java:1218)
at org.testng.TestNG.runSuitesLocally(TestNG.java:1140)
at org.testng.TestNG.runSuites(TestNG.java:1069)
at org.testng.TestNG.run(TestNG.java:1037)
at org.testng.remote.AbstractRemoteTestNG.run(AbstractRemoteTestNG.java:115)
at org.testng.remote.RemoteTestNG.initAndRun(RemoteTestNG.java:251)
at org.testng.remote.RemoteTestNG.main(RemoteTestNG.java:77)
]]>
            </full-stacktrace>
          </exception> <!-- org.openqa.selenium.NoSuchElementException -->
          <reporter-output>
          </reporter-output>
        </test-method> <!-- RedBusCare -->
        <test-method status="PASS" signature="attachScreenshot(org.testng.ITestResult)[pri:0, instance:com.selenium.Test.RedBusCareTest@543788f3]" name="attachScreenshot" is-config="true" duration-ms="704" started-at="2021-07-05T19:54:28 IST" finished-at="2021-07-05T19:54:29 IST">
          <params>
            <param index="0">
              <value>
                <![CDATA[[TestResult name=RedBusCare status=FAILURE method=RedBusCareTest.RedBusCare(java.lang.String, java.lang.String, java.lang.String, java.lang.String)[pri:0, instance:com.selenium.Test.RedBusCareTest@543788f3] output={null}]]]>
              </value>
            </param>
          </params>
          <reporter-output>
          </reporter-output>
        </test-method> <!-- attachScreenshot -->
        <test-method status="PASS" signature="closeBrowser()[pri:0, instance:com.selenium.Test.RedBusCareTest@543788f3]" name="closeBrowser" is-config="true" duration-ms="673" started-at="2021-07-05T19:54:29 IST" finished-at="2021-07-05T19:54:29 IST">
          <reporter-output>
          </reporter-output>
        </test-method> <!-- closeBrowser -->
      </class> <!-- com.selenium.Test.RedBusCareTest -->
      <class name="com.selenium.Test.SearchBusTest">
        <test-method status="PASS" signature="setExtent()[pri:0, instance:com.selenium.Test.SearchBusTest@35a50a4c]" name="setExtent" is-config="true" duration-ms="145" started-at="2021-07-05T19:50:36 IST" finished-at="2021-07-05T19:50:36 IST">
          <reporter-output>
          </reporter-output>
        </test-method> <!-- setExtent -->
        <test-method status="PASS" signature="intializeWebdriver()[pri:0, instance:com.selenium.Test.SearchBusTest@35a50a4c]" name="intializeWebdriver" is-config="true" duration-ms="2663" started-at="2021-07-05T19:50:36 IST" finished-at="2021-07-05T19:50:39 IST">
          <reporter-output>
          </reporter-output>
        </test-method> <!-- intializeWebdriver -->
        <test-method status="PASS" signature="openBrowser()[pri:0, instance:com.selenium.Test.SearchBusTest@35a50a4c]" name="openBrowser" is-config="true" duration-ms="3266" started-at="2021-07-05T19:50:39 IST" finished-at="2021-07-05T19:50:42 IST">
          <reporter-output>
          </reporter-output>
        </test-method> <!-- openBrowser -->
        <test-method status="PASS" signature="Blog()[pri:0, instance:com.selenium.Test.SearchBusTest@35a50a4c]" name="Blog" duration-ms="4261" started-at="2021-07-05T19:50:42 IST" finished-at="2021-07-05T19:50:46 IST">
          <reporter-output>
          </reporter-output>
        </test-method> <!-- Blog -->
        <test-method status="PASS" signature="attachScreenshot(org.testng.ITestResult)[pri:0, instance:com.selenium.Test.SearchBusTest@35a50a4c]" name="attachScreenshot" is-config="true" duration-ms="6" started-at="2021-07-05T19:50:46 IST" finished-at="2021-07-05T19:50:46 IST">
          <params>
            <param index="0">
              <value>
                <![CDATA[[TestResult name=Blog status=SUCCESS method=SearchBusTest.Blog()[pri:0, instance:com.selenium.Test.SearchBusTest@35a50a4c] output={null}]]]>
              </value>
            </param>
          </params>
          <reporter-output>
          </reporter-output>
        </test-method> <!-- attachScreenshot -->
        <test-method status="PASS" signature="closeBrowser()[pri:0, instance:com.selenium.Test.SearchBusTest@35a50a4c]" name="closeBrowser" is-config="true" duration-ms="839" started-at="2021-07-05T19:50:46 IST" finished-at="2021-07-05T19:50:47 IST">
          <reporter-output>
          </reporter-output>
        </test-method> <!-- closeBrowser -->
        <test-method status="PASS" signature="intializeWebdriver()[pri:0, instance:com.selenium.Test.SearchBusTest@35a50a4c]" name="intializeWebdriver" is-config="true" duration-ms="1365" started-at="2021-07-05T19:50:48 IST" finished-at="2021-07-05T19:50:49 IST">
          <reporter-output>
          </reporter-output>
        </test-method> <!-- intializeWebdriver -->
        <test-method status="PASS" signature="openBrowser()[pri:0, instance:com.selenium.Test.SearchBusTest@35a50a4c]" name="openBrowser" is-config="true" duration-ms="3337" started-at="2021-07-05T19:50:49 IST" finished-at="2021-07-05T19:50:52 IST">
          <reporter-output>
          </reporter-output>
        </test-method> <!-- openBrowser -->
        <test-method status="PASS" signature="ChangeTogglebar(java.lang.String, java.lang.String, java.lang.String)[pri:0, instance:com.selenium.Test.SearchBusTest@35a50a4c]" name="ChangeTogglebar" duration-ms="5234" started-at="2021-07-05T19:50:52 IST" data-provider="SearchBus" finished-at="2021-07-05T19:50:58 IST">
          <params>
            <param index="0">
              <value>
                <![CDATA[Delhi]]>
              </value>
            </param>
            <param index="1">
              <value>
                <![CDATA[Chandigarh (Punjab)]]>
              </value>
            </param>
            <param index="2">
              <value>
                <![CDATA[Yes]]>
              </value>
            </param>
          </params>
          <reporter-output>
          </reporter-output>
        </test-method> <!-- ChangeTogglebar -->
        <test-method status="PASS" signature="attachScreenshot(org.testng.ITestResult)[pri:0, instance:com.selenium.Test.SearchBusTest@35a50a4c]" name="attachScreenshot" is-config="true" duration-ms="1" started-at="2021-07-05T19:50:58 IST" finished-at="2021-07-05T19:50:58 IST">
          <params>
            <param index="0">
              <value>
                <![CDATA[[TestResult name=ChangeTogglebar status=SUCCESS method=SearchBusTest.ChangeTogglebar(java.lang.String, java.lang.String, java.lang.String)[pri:0, instance:com.selenium.Test.SearchBusTest@35a50a4c] output={null}]]]>
              </value>
            </param>
          </params>
          <reporter-output>
          </reporter-output>
        </test-method> <!-- attachScreenshot -->
        <test-method status="PASS" signature="closeBrowser()[pri:0, instance:com.selenium.Test.SearchBusTest@35a50a4c]" name="closeBrowser" is-config="true" duration-ms="1019" started-at="2021-07-05T19:50:58 IST" finished-at="2021-07-05T19:50:59 IST">
          <reporter-output>
          </reporter-output>
        </test-method> <!-- closeBrowser -->
        <test-method status="PASS" signature="intializeWebdriver()[pri:0, instance:com.selenium.Test.SearchBusTest@35a50a4c]" name="intializeWebdriver" is-config="true" duration-ms="1394" started-at="2021-07-05T19:50:59 IST" finished-at="2021-07-05T19:51:00 IST">
          <reporter-output>
          </reporter-output>
        </test-method> <!-- intializeWebdriver -->
        <test-method status="PASS" signature="openBrowser()[pri:0, instance:com.selenium.Test.SearchBusTest@35a50a4c]" name="openBrowser" is-config="true" duration-ms="3216" started-at="2021-07-05T19:51:00 IST" finished-at="2021-07-05T19:51:03 IST">
          <reporter-output>
          </reporter-output>
        </test-method> <!-- openBrowser -->
        <test-method status="FAIL" signature="InvalidSearchBus(java.lang.String, java.lang.String, java.lang.String)[pri:0, instance:com.selenium.Test.SearchBusTest@35a50a4c]" name="InvalidSearchBus" duration-ms="1888" started-at="2021-07-05T19:51:03 IST" data-provider="InvalidSearchBus" finished-at="2021-07-05T19:51:05 IST">
          <params>
            <param index="0">
              <value>
                <![CDATA[Delhi]]>
              </value>
            </param>
            <param index="1">
              <value>
                <![CDATA[Chandigarh (Punjab)]]>
              </value>
            </param>
            <param index="2">
              <value>
                <![CDATA[Yes]]>
              </value>
            </param>
          </params>
          <exception class="java.lang.AssertionError">
            <message>
              <![CDATA[expected [Delhi to Chandigarh Bus Tickets Booking, Save upto 25% - redBus] but found [Book Bus Travels, AC Volvo Bus, rPool & Bus Hire - redBus India]]]>
            </message>
            <full-stacktrace>
              <![CDATA[java.lang.AssertionError: expected [Delhi to Chandigarh Bus Tickets Booking, Save upto 25% - redBus] but found [Book Bus Travels, AC Volvo Bus, rPool & Bus Hire - redBus India]
at org.testng.Assert.fail(Assert.java:99)
at org.testng.Assert.failNotEquals(Assert.java:1037)
at org.testng.Assert.assertEqualsImpl(Assert.java:140)
at org.testng.Assert.assertEquals(Assert.java:122)
at org.testng.Assert.assertEquals(Assert.java:629)
at org.testng.Assert.assertEquals(Assert.java:639)
at com.selenium.Test.SearchBusTest.InvalidSearchBus(SearchBusTest.java:61)
at sun.reflect.NativeMethodAccessorImpl.invoke0(Native Method)
at sun.reflect.NativeMethodAccessorImpl.invoke(NativeMethodAccessorImpl.java:62)
at sun.reflect.DelegatingMethodAccessorImpl.invoke(DelegatingMethodAccessorImpl.java:43)
at java.lang.reflect.Method.invoke(Method.java:498)
at org.testng.internal.MethodInvocationHelper.invokeMethod(MethodInvocationHelper.java:132)
at org.testng.internal.TestInvoker.invokeMethod(TestInvoker.java:599)
at org.testng.internal.TestInvoker.invokeTestMethod(TestInvoker.java:174)
at org.testng.internal.MethodRunner.runInSequence(MethodRunner.java:46)
at org.testng.internal.TestInvoker$MethodInvocationAgent.invoke(TestInvoker.java:822)
at org.testng.internal.TestInvoker.invokeTestMethods(TestInvoker.java:147)
at org.testng.internal.TestMethodWorker.invokeTestMethods(TestMethodWorker.java:146)
at org.testng.internal.TestMethodWorker.run(TestMethodWorker.java:128)
at java.util.ArrayList.forEach(ArrayList.java:1257)
at org.testng.TestRunner.privateRun(TestRunner.java:764)
at org.testng.TestRunner.run(TestRunner.java:585)
at org.testng.SuiteRunner.runTest(SuiteRunner.java:384)
at org.testng.SuiteRunner.runSequentially(SuiteRunner.java:378)
at org.testng.SuiteRunner.privateRun(SuiteRunner.java:337)
at org.testng.SuiteRunner.run(SuiteRunner.java:286)
at org.testng.SuiteRunnerWorker.runSuite(SuiteRunnerWorker.java:53)
at org.testng.SuiteRunnerWorker.run(SuiteRunnerWorker.java:96)
at org.testng.TestNG.runSuitesSequentially(TestNG.java:1218)
at org.testng.TestNG.runSuitesLocally(TestNG.java:1140)
at org.testng.TestNG.runSuites(TestNG.java:1069)
at org.testng.TestNG.run(TestNG.java:1037)
at org.testng.remote.AbstractRemoteTestNG.run(AbstractRemoteTestNG.java:115)
at org.testng.remote.RemoteTestNG.initAndRun(RemoteTestNG.java:251)
at org.testng.remote.RemoteTestNG.main(RemoteTestNG.java:77)
]]>
            </full-stacktrace>
          </exception> <!-- java.lang.AssertionError -->
          <reporter-output>
          </reporter-output>
        </test-method> <!-- InvalidSearchBus -->
        <test-method status="PASS" signature="attachScreenshot(org.testng.ITestResult)[pri:0, instance:com.selenium.Test.SearchBusTest@35a50a4c]" name="attachScreenshot" is-config="true" duration-ms="1052" started-at="2021-07-05T19:51:05 IST" finished-at="2021-07-05T19:51:06 IST">
          <params>
            <param index="0">
              <value>
                <![CDATA[[TestResult name=InvalidSearchBus status=FAILURE method=SearchBusTest.InvalidSearchBus(java.lang.String, java.lang.String, java.lang.String)[pri:0, instance:com.selenium.Test.SearchBusTest@35a50a4c] output={null}]]]>
              </value>
            </param>
          </params>
          <reporter-output>
          </reporter-output>
        </test-method> <!-- attachScreenshot -->
        <test-method status="PASS" signature="closeBrowser()[pri:0, instance:com.selenium.Test.SearchBusTest@35a50a4c]" name="closeBrowser" is-config="true" duration-ms="1317" started-at="2021-07-05T19:51:06 IST" finished-at="2021-07-05T19:51:08 IST">
          <reporter-output>
          </reporter-output>
        </test-method> <!-- closeBrowser -->
        <test-method status="PASS" signature="intializeWebdriver()[pri:0, instance:com.selenium.Test.SearchBusTest@35a50a4c]" name="intializeWebdriver" is-config="true" duration-ms="1366" started-at="2021-07-05T19:51:08 IST" finished-at="2021-07-05T19:51:09 IST">
          <reporter-output>
          </reporter-output>
        </test-method> <!-- intializeWebdriver -->
        <test-method status="PASS" signature="openBrowser()[pri:0, instance:com.selenium.Test.SearchBusTest@35a50a4c]" name="openBrowser" is-config="true" duration-ms="3283" started-at="2021-07-05T19:51:09 IST" finished-at="2021-07-05T19:51:12 IST">
          <reporter-output>
          </reporter-output>
        </test-method> <!-- openBrowser -->
        <test-method status="PASS" signature="Modifyresult(java.lang.String, java.lang.String, java.lang.String)[pri:0, instance:com.selenium.Test.SearchBusTest@35a50a4c]" name="Modifyresult" duration-ms="8484" started-at="2021-07-05T19:51:12 IST" data-provider="SearchBus" finished-at="2021-07-05T19:51:21 IST">
          <params>
            <param index="0">
              <value>
                <![CDATA[Delhi]]>
              </value>
            </param>
            <param index="1">
              <value>
                <![CDATA[Chandigarh (Punjab)]]>
              </value>
            </param>
            <param index="2">
              <value>
                <![CDATA[Yes]]>
              </value>
            </param>
          </params>
          <reporter-output>
          </reporter-output>
        </test-method> <!-- Modifyresult -->
        <test-method status="PASS" signature="attachScreenshot(org.testng.ITestResult)[pri:0, instance:com.selenium.Test.SearchBusTest@35a50a4c]" name="attachScreenshot" is-config="true" duration-ms="1" started-at="2021-07-05T19:51:21 IST" finished-at="2021-07-05T19:51:21 IST">
          <params>
            <param index="0">
              <value>
                <![CDATA[[TestResult name=Modifyresult status=SUCCESS method=SearchBusTest.Modifyresult(java.lang.String, java.lang.String, java.lang.String)[pri:0, instance:com.selenium.Test.SearchBusTest@35a50a4c] output={null}]]]>
              </value>
            </param>
          </params>
          <reporter-output>
          </reporter-output>
        </test-method> <!-- attachScreenshot -->
        <test-method status="PASS" signature="closeBrowser()[pri:0, instance:com.selenium.Test.SearchBusTest@35a50a4c]" name="closeBrowser" is-config="true" duration-ms="1466" started-at="2021-07-05T19:51:21 IST" finished-at="2021-07-05T19:51:22 IST">
          <reporter-output>
          </reporter-output>
        </test-method> <!-- closeBrowser -->
        <test-method status="PASS" signature="intializeWebdriver()[pri:0, instance:com.selenium.Test.SearchBusTest@35a50a4c]" name="intializeWebdriver" is-config="true" duration-ms="1323" started-at="2021-07-05T19:51:22 IST" finished-at="2021-07-05T19:51:24 IST">
          <reporter-output>
          </reporter-output>
        </test-method> <!-- intializeWebdriver -->
        <test-method status="PASS" signature="openBrowser()[pri:0, instance:com.selenium.Test.SearchBusTest@35a50a4c]" name="openBrowser" is-config="true" duration-ms="3509" started-at="2021-07-05T19:51:24 IST" finished-at="2021-07-05T19:51:27 IST">
          <reporter-output>
          </reporter-output>
        </test-method> <!-- openBrowser -->
        <test-method status="PASS" signature="SearchBus(java.lang.String, java.lang.String, java.lang.String)[pri:0, instance:com.selenium.Test.SearchBusTest@35a50a4c]" name="SearchBus" duration-ms="4847" started-at="2021-07-05T19:51:27 IST" data-provider="SearchBus" finished-at="2021-07-05T19:51:32 IST">
          <params>
            <param index="0">
              <value>
                <![CDATA[Delhi]]>
              </value>
            </param>
            <param index="1">
              <value>
                <![CDATA[Chandigarh (Punjab)]]>
              </value>
            </param>
            <param index="2">
              <value>
                <![CDATA[Yes]]>
              </value>
            </param>
          </params>
          <reporter-output>
          </reporter-output>
        </test-method> <!-- SearchBus -->
        <test-method status="PASS" signature="closeBrowser()[pri:0, instance:com.selenium.Test.SearchBusTest@35a50a4c]" name="closeBrowser" is-config="true" duration-ms="979" started-at="2021-07-05T19:51:32 IST" finished-at="2021-07-05T19:51:33 IST">
          <reporter-output>
          </reporter-output>
        </test-method> <!-- closeBrowser -->
        <test-method status="PASS" signature="attachScreenshot(org.testng.ITestResult)[pri:0, instance:com.selenium.Test.SearchBusTest@35a50a4c]" name="attachScreenshot" is-config="true" duration-ms="0" started-at="2021-07-05T19:51:32 IST" finished-at="2021-07-05T19:51:32 IST">
          <params>
            <param index="0">
              <value>
                <![CDATA[[TestResult name=SearchBus status=SUCCESS method=SearchBusTest.SearchBus(java.lang.String, java.lang.String, java.lang.String)[pri:0, instance:com.selenium.Test.SearchBusTest@35a50a4c] output={null}]]]>
              </value>
            </param>
          </params>
          <reporter-output>
          </reporter-output>
        </test-method> <!-- attachScreenshot -->
        <test-method status="PASS" signature="endReport()[pri:0, instance:com.selenium.Test.SearchBusTest@35a50a4c]" name="endReport" is-config="true" duration-ms="414" started-at="2021-07-05T19:55:35 IST" finished-at="2021-07-05T19:55:35 IST">
          <reporter-output>
          </reporter-output>
        </test-method> <!-- endReport -->
      </class> <!-- com.selenium.Test.SearchBusTest -->
      <class name="com.selenium.Test.AwardRecognitionTest">
        <test-method status="PASS" signature="intializeWebdriver()[pri:0, instance:com.selenium.Test.AwardRecognitionTest@4516af24]" name="intializeWebdriver" is-config="true" duration-ms="1395" started-at="2021-07-05T19:53:18 IST" finished-at="2021-07-05T19:53:20 IST">
          <reporter-output>
          </reporter-output>
        </test-method> <!-- intializeWebdriver -->
        <test-method status="PASS" signature="openBrowser()[pri:0, instance:com.selenium.Test.AwardRecognitionTest@4516af24]" name="openBrowser" is-config="true" duration-ms="2957" started-at="2021-07-05T19:53:20 IST" finished-at="2021-07-05T19:53:23 IST">
          <reporter-output>
          </reporter-output>
        </test-method> <!-- openBrowser -->
        <test-method status="PASS" signature="TrustedBrand(java.lang.String, java.lang.String, java.lang.String, java.lang.String)[pri:0, instance:com.selenium.Test.AwardRecognitionTest@4516af24]" name="TrustedBrand" duration-ms="5737" started-at="2021-07-05T19:53:23 IST" data-provider="Awardrecognition" finished-at="2021-07-05T19:53:28 IST">
          <params>
            <param index="0">
              <value>
                <![CDATA[Is is a Very Good Product]]>
              </value>
            </param>
            <param index="1">
              <value>
                <![CDATA[Abc@gmail.com]]>
              </value>
            </param>
            <param index="2">
              <value>
                <![CDATA[Yougesh]]>
              </value>
            </param>
            <param index="3">
              <value>
                <![CDATA[Yes]]>
              </value>
            </param>
          </params>
          <reporter-output>
          </reporter-output>
        </test-method> <!-- TrustedBrand -->
        <test-method status="PASS" signature="closeBrowser()[pri:0, instance:com.selenium.Test.AwardRecognitionTest@4516af24]" name="closeBrowser" is-config="true" duration-ms="971" started-at="2021-07-05T19:53:28 IST" finished-at="2021-07-05T19:53:29 IST">
          <reporter-output>
          </reporter-output>
        </test-method> <!-- closeBrowser -->
        <test-method status="PASS" signature="attachScreenshot(org.testng.ITestResult)[pri:0, instance:com.selenium.Test.AwardRecognitionTest@4516af24]" name="attachScreenshot" is-config="true" duration-ms="0" started-at="2021-07-05T19:53:28 IST" finished-at="2021-07-05T19:53:28 IST">
          <params>
            <param index="0">
              <value>
                <![CDATA[[TestResult name=TrustedBrand status=SUCCESS method=AwardRecognitionTest.TrustedBrand(java.lang.String, java.lang.String, java.lang.String, java.lang.String)[pri:0, instance:com.selenium.Test.AwardRecognitionTest@4516af24] output={null}]]]>
              </value>
            </param>
          </params>
          <reporter-output>
          </reporter-output>
        </test-method> <!-- attachScreenshot -->
      </class> <!-- com.selenium.Test.AwardRecognitionTest -->
      <class name="com.selenium.Test.BusHireTest">
        <test-method status="PASS" signature="intializeWebdriver()[pri:0, instance:com.selenium.Test.BusHireTest@6d3af739]" name="intializeWebdriver" is-config="true" duration-ms="1215" started-at="2021-07-05T19:54:29 IST" finished-at="2021-07-05T19:54:31 IST">
          <reporter-output>
          </reporter-output>
        </test-method> <!-- intializeWebdriver -->
        <test-method status="PASS" signature="openBrowser()[pri:0, instance:com.selenium.Test.BusHireTest@6d3af739]" name="openBrowser" is-config="true" duration-ms="2805" started-at="2021-07-05T19:54:31 IST" finished-at="2021-07-05T19:54:33 IST">
          <reporter-output>
          </reporter-output>
        </test-method> <!-- openBrowser -->
        <test-method status="FAIL" signature="AirPortType(java.lang.String, java.lang.String, java.lang.String)[pri:0, instance:com.selenium.Test.BusHireTest@6d3af739]" name="AirPortType" duration-ms="16635" started-at="2021-07-05T19:54:33 IST" data-provider="BusHireAirPot" finished-at="2021-07-05T19:54:50 IST">
          <params>
            <param index="0">
              <value>
                <![CDATA[gorakhpur]]>
              </value>
            </param>
            <param index="1">
              <value>
                <![CDATA[20]]>
              </value>
            </param>
            <param index="2">
              <value>
                <![CDATA[Yes]]>
              </value>
            </param>
          </params>
          <exception class="org.openqa.selenium.ElementClickInterceptedException">
            <message>
              <![CDATA[element click intercepted: Element <div id="AirporLeadGen_DoJ" style="width: 100%;">...</div> is not clickable at point (191, 430). Other element would receive the click: <button id="proceedButtonAirport" class="footercont" style="position: fixed">...</button>
  (Session info: chrome=91.0.4472.124)
Build info: version: '3.141.59', revision: 'e82be7d358', time: '2018-11-14T08:17:03'
System info: host: 'YOUGESHGHILDYAL', ip: '192.168.1.33', os.name: 'Windows 10', os.arch: 'amd64', os.version: '10.0', java.version: '1.8.0_221'
Driver info: org.openqa.selenium.chrome.ChromeDriver
Capabilities {acceptInsecureCerts: false, browserName: chrome, browserVersion: 91.0.4472.124, chrome: {chromedriverVersion: 91.0.4472.101 (af52a90bf870..., userDataDir: C:\Users\YOUGES~1\AppData\L...}, goog:chromeOptions: {debuggerAddress: localhost:53381}, javascriptEnabled: true, networkConnectionEnabled: false, pageLoadStrategy: normal, platform: WINDOWS, platformName: WINDOWS, proxy: Proxy(), setWindowRect: true, strictFileInteractability: false, timeouts: {implicit: 0, pageLoad: 300000, script: 30000}, unhandledPromptBehavior: dismiss and notify, webauthn:extension:largeBlob: true, webauthn:virtualAuthenticators: true}
Session ID: 63321a2e6927a8112d7f93fdb2ef7b59]]>
            </message>
            <full-stacktrace>
              <![CDATA[org.openqa.selenium.ElementClickInterceptedException: element click intercepted: Element <div id="AirporLeadGen_DoJ" style="width: 100%;">...</div> is not clickable at point (191, 430). Other element would receive the click: <button id="proceedButtonAirport" class="footercont" style="position: fixed">...</button>
  (Session info: chrome=91.0.4472.124)
Build info: version: '3.141.59', revision: 'e82be7d358', time: '2018-11-14T08:17:03'
System info: host: 'YOUGESHGHILDYAL', ip: '192.168.1.33', os.name: 'Windows 10', os.arch: 'amd64', os.version: '10.0', java.version: '1.8.0_221'
Driver info: org.openqa.selenium.chrome.ChromeDriver
Capabilities {acceptInsecureCerts: false, browserName: chrome, browserVersion: 91.0.4472.124, chrome: {chromedriverVersion: 91.0.4472.101 (af52a90bf870..., userDataDir: C:\Users\YOUGES~1\AppData\L...}, goog:chromeOptions: {debuggerAddress: localhost:53381}, javascriptEnabled: true, networkConnectionEnabled: false, pageLoadStrategy: normal, platform: WINDOWS, platformName: WINDOWS, proxy: Proxy(), setWindowRect: true, strictFileInteractability: false, timeouts: {implicit: 0, pageLoad: 300000, script: 30000}, unhandledPromptBehavior: dismiss and notify, webauthn:extension:largeBlob: true, webauthn:virtualAuthenticators: true}
Session ID: 63321a2e6927a8112d7f93fdb2ef7b59
at sun.reflect.NativeConstructorAccessorImpl.newInstance0(Native Method)
at sun.reflect.NativeConstructorAccessorImpl.newInstance(NativeConstructorAccessorImpl.java:62)
at sun.reflect.DelegatingConstructorAccessorImpl.newInstance(DelegatingConstructorAccessorImpl.java:45)
at java.lang.reflect.Constructor.newInstance(Constructor.java:423)
at org.openqa.selenium.remote.http.W3CHttpResponseCodec.createException(W3CHttpResponseCodec.java:187)
at org.openqa.selenium.remote.http.W3CHttpResponseCodec.decode(W3CHttpResponseCodec.java:122)
at org.openqa.selenium.remote.http.W3CHttpResponseCodec.decode(W3CHttpResponseCodec.java:49)
at org.openqa.selenium.remote.HttpCommandExecutor.execute(HttpCommandExecutor.java:158)
at org.openqa.selenium.remote.service.DriverCommandExecutor.execute(DriverCommandExecutor.java:83)
at org.openqa.selenium.remote.RemoteWebDriver.execute(RemoteWebDriver.java:552)
at org.openqa.selenium.remote.RemoteWebElement.execute(RemoteWebElement.java:285)
at org.openqa.selenium.remote.RemoteWebElement.click(RemoteWebElement.java:84)
at sun.reflect.GeneratedMethodAccessor6.invoke(Unknown Source)
at sun.reflect.DelegatingMethodAccessorImpl.invoke(DelegatingMethodAccessorImpl.java:43)
at java.lang.reflect.Method.invoke(Method.java:498)
at org.openqa.selenium.support.pagefactory.internal.LocatingElementHandler.invoke(LocatingElementHandler.java:51)
at com.sun.proxy.$Proxy12.click(Unknown Source)
at com.selenium.Pages.BusHirePage.EnterDate(BusHirePage.java:203)
at com.selenium.Test.BusHireTest.AirPortType(BusHireTest.java:110)
at sun.reflect.NativeMethodAccessorImpl.invoke0(Native Method)
at sun.reflect.NativeMethodAccessorImpl.invoke(NativeMethodAccessorImpl.java:62)
at sun.reflect.DelegatingMethodAccessorImpl.invoke(DelegatingMethodAccessorImpl.java:43)
at java.lang.reflect.Method.invoke(Method.java:498)
at org.testng.internal.MethodInvocationHelper.invokeMethod(MethodInvocationHelper.java:132)
at org.testng.internal.TestInvoker.invokeMethod(TestInvoker.java:599)
at org.testng.internal.TestInvoker.invokeTestMethod(TestInvoker.java:174)
at org.testng.internal.MethodRunner.runInSequence(MethodRunner.java:46)
at org.testng.internal.TestInvoker$MethodInvocationAgent.invoke(TestInvoker.java:822)
at org.testng.internal.TestInvoker.invokeTestMethods(TestInvoker.java:147)
at org.testng.internal.TestMethodWorker.invokeTestMethods(TestMethodWorker.java:146)
at org.testng.internal.TestMethodWorker.run(TestMethodWorker.java:128)
at java.util.ArrayList.forEach(ArrayList.java:1257)
at org.testng.TestRunner.privateRun(TestRunner.java:764)
at org.testng.TestRunner.run(TestRunner.java:585)
at org.testng.SuiteRunner.runTest(SuiteRunner.java:384)
at org.testng.SuiteRunner.runSequentially(SuiteRunner.java:378)
at org.testng.SuiteRunner.privateRun(SuiteRunner.java:337)
at org.testng.SuiteRunner.run(SuiteRunner.java:286)
at org.testng.SuiteRunnerWorker.runSuite(SuiteRunnerWorker.java:53)
at org.testng.SuiteRunnerWorker.run(SuiteRunnerWorker.java:96)
at org.testng.TestNG.runSuitesSequentially(TestNG.java:1218)
at org.testng.TestNG.runSuitesLocally(TestNG.java:1140)
at org.testng.TestNG.runSuites(TestNG.java:1069)
at org.testng.TestNG.run(TestNG.java:1037)
at org.testng.remote.AbstractRemoteTestNG.run(AbstractRemoteTestNG.java:115)
at org.testng.remote.RemoteTestNG.initAndRun(RemoteTestNG.java:251)
at org.testng.remote.RemoteTestNG.main(RemoteTestNG.java:77)
]]>
            </full-stacktrace>
          </exception> <!-- org.openqa.selenium.ElementClickInterceptedException -->
          <reporter-output>
          </reporter-output>
        </test-method> <!-- AirPortType -->
        <test-method status="PASS" signature="attachScreenshot(org.testng.ITestResult)[pri:0, instance:com.selenium.Test.BusHireTest@6d3af739]" name="attachScreenshot" is-config="true" duration-ms="335" started-at="2021-07-05T19:54:50 IST" finished-at="2021-07-05T19:54:50 IST">
          <params>
            <param index="0">
              <value>
                <![CDATA[[TestResult name=AirPortType status=FAILURE method=BusHireTest.AirPortType(java.lang.String, java.lang.String, java.lang.String)[pri:0, instance:com.selenium.Test.BusHireTest@6d3af739] output={null}]]]>
              </value>
            </param>
          </params>
          <reporter-output>
          </reporter-output>
        </test-method> <!-- attachScreenshot -->
        <test-method status="PASS" signature="closeBrowser()[pri:0, instance:com.selenium.Test.BusHireTest@6d3af739]" name="closeBrowser" is-config="true" duration-ms="690" started-at="2021-07-05T19:54:50 IST" finished-at="2021-07-05T19:54:51 IST">
          <reporter-output>
          </reporter-output>
        </test-method> <!-- closeBrowser -->
        <test-method status="PASS" signature="intializeWebdriver()[pri:0, instance:com.selenium.Test.BusHireTest@6d3af739]" name="intializeWebdriver" is-config="true" duration-ms="1249" started-at="2021-07-05T19:54:51 IST" finished-at="2021-07-05T19:54:52 IST">
          <reporter-output>
          </reporter-output>
        </test-method> <!-- intializeWebdriver -->
        <test-method status="PASS" signature="openBrowser()[pri:0, instance:com.selenium.Test.BusHireTest@6d3af739]" name="openBrowser" is-config="true" duration-ms="2980" started-at="2021-07-05T19:54:52 IST" finished-at="2021-07-05T19:54:55 IST">
          <reporter-output>
          </reporter-output>
        </test-method> <!-- openBrowser -->
        <test-method status="PASS" signature="LocalType(java.lang.String, java.lang.String, java.lang.String)[pri:0, instance:com.selenium.Test.BusHireTest@6d3af739]" name="LocalType" duration-ms="15948" started-at="2021-07-05T19:54:55 IST" data-provider="BusHireLocal" finished-at="2021-07-05T19:55:11 IST">
          <params>
            <param index="0">
              <value>
                <![CDATA[Mumbai Central Railway Station Building, Mumbai Central, Mumbai, Maharashtra, India]]>
              </value>
            </param>
            <param index="1">
              <value>
                <![CDATA[20]]>
              </value>
            </param>
            <param index="2">
              <value>
                <![CDATA[Yes]]>
              </value>
            </param>
          </params>
          <reporter-output>
          </reporter-output>
        </test-method> <!-- LocalType -->
        <test-method status="PASS" signature="closeBrowser()[pri:0, instance:com.selenium.Test.BusHireTest@6d3af739]" name="closeBrowser" is-config="true" duration-ms="783" started-at="2021-07-05T19:55:11 IST" finished-at="2021-07-05T19:55:12 IST">
          <reporter-output>
          </reporter-output>
        </test-method> <!-- closeBrowser -->
        <test-method status="PASS" signature="attachScreenshot(org.testng.ITestResult)[pri:0, instance:com.selenium.Test.BusHireTest@6d3af739]" name="attachScreenshot" is-config="true" duration-ms="0" started-at="2021-07-05T19:55:11 IST" finished-at="2021-07-05T19:55:11 IST">
          <params>
            <param index="0">
              <value>
                <![CDATA[[TestResult name=LocalType status=SUCCESS method=BusHireTest.LocalType(java.lang.String, java.lang.String, java.lang.String)[pri:0, instance:com.selenium.Test.BusHireTest@6d3af739] output={null}]]]>
              </value>
            </param>
          </params>
          <reporter-output>
          </reporter-output>
        </test-method> <!-- attachScreenshot -->
        <test-method status="PASS" signature="intializeWebdriver()[pri:0, instance:com.selenium.Test.BusHireTest@6d3af739]" name="intializeWebdriver" is-config="true" duration-ms="1421" started-at="2021-07-05T19:55:12 IST" finished-at="2021-07-05T19:55:13 IST">
          <reporter-output>
          </reporter-output>
        </test-method> <!-- intializeWebdriver -->
        <test-method status="PASS" signature="openBrowser()[pri:0, instance:com.selenium.Test.BusHireTest@6d3af739]" name="openBrowser" is-config="true" duration-ms="2867" started-at="2021-07-05T19:55:13 IST" finished-at="2021-07-05T19:55:16 IST">
          <reporter-output>
          </reporter-output>
        </test-method> <!-- openBrowser -->
        <test-method status="PASS" signature="OutstationType(java.lang.String, java.lang.String, java.lang.String, java.lang.String)[pri:0, instance:com.selenium.Test.BusHireTest@6d3af739]" name="OutstationType" duration-ms="17596" started-at="2021-07-05T19:55:16 IST" data-provider="BusHireOutstation" finished-at="2021-07-05T19:55:34 IST">
          <params>
            <param index="0">
              <value>
                <![CDATA[Mumbai Central Railway Station Building, Mumbai Central, Mumbai, Maharashtra, India]]>
              </value>
            </param>
            <param index="1">
              <value>
                <![CDATA[Gorakhpur Railway Station, Bashratpur, Gorakhpur, Uttar Pradesh, India]]>
              </value>
            </param>
            <param index="2">
              <value>
                <![CDATA[20]]>
              </value>
            </param>
            <param index="3">
              <value>
                <![CDATA[Yes]]>
              </value>
            </param>
          </params>
          <reporter-output>
          </reporter-output>
        </test-method> <!-- OutstationType -->
        <test-method status="PASS" signature="attachScreenshot(org.testng.ITestResult)[pri:0, instance:com.selenium.Test.BusHireTest@6d3af739]" name="attachScreenshot" is-config="true" duration-ms="0" started-at="2021-07-05T19:55:34 IST" finished-at="2021-07-05T19:55:34 IST">
          <params>
            <param index="0">
              <value>
                <![CDATA[[TestResult name=OutstationType status=SUCCESS method=BusHireTest.OutstationType(java.lang.String, java.lang.String, java.lang.String, java.lang.String)[pri:0, instance:com.selenium.Test.BusHireTest@6d3af739] output={null}]]]>
              </value>
            </param>
          </params>
          <reporter-output>
          </reporter-output>
        </test-method> <!-- attachScreenshot -->
        <test-method status="PASS" signature="closeBrowser()[pri:0, instance:com.selenium.Test.BusHireTest@6d3af739]" name="closeBrowser" is-config="true" duration-ms="777" started-at="2021-07-05T19:55:34 IST" finished-at="2021-07-05T19:55:35 IST">
          <reporter-output>
          </reporter-output>
        </test-method> <!-- closeBrowser -->
      </class> <!-- com.selenium.Test.BusHireTest -->
      <class name="com.selenium.Test.OperatorTest">
        <test-method status="PASS" signature="intializeWebdriver()[pri:0, instance:com.selenium.Test.OperatorTest@1f021e6c]" name="intializeWebdriver" is-config="true" duration-ms="1346" started-at="2021-07-05T19:51:33 IST" finished-at="2021-07-05T19:51:34 IST">
          <reporter-output>
          </reporter-output>
        </test-method> <!-- intializeWebdriver -->
        <test-method status="PASS" signature="openBrowser()[pri:0, instance:com.selenium.Test.OperatorTest@1f021e6c]" name="openBrowser" is-config="true" duration-ms="3486" started-at="2021-07-05T19:51:34 IST" finished-at="2021-07-05T19:51:38 IST">
          <reporter-output>
          </reporter-output>
        </test-method> <!-- openBrowser -->
        <test-method status="PASS" signature="SwitchOperatorDirectories()[pri:0, instance:com.selenium.Test.OperatorTest@1f021e6c]" name="SwitchOperatorDirectories" duration-ms="5981" started-at="2021-07-05T19:51:38 IST" finished-at="2021-07-05T19:51:44 IST">
          <reporter-output>
          </reporter-output>
        </test-method> <!-- SwitchOperatorDirectories -->
        <test-method status="PASS" signature="attachScreenshot(org.testng.ITestResult)[pri:0, instance:com.selenium.Test.OperatorTest@1f021e6c]" name="attachScreenshot" is-config="true" duration-ms="1" started-at="2021-07-05T19:51:44 IST" finished-at="2021-07-05T19:51:44 IST">
          <params>
            <param index="0">
              <value>
                <![CDATA[[TestResult name=SwitchOperatorDirectories status=SUCCESS method=OperatorTest.SwitchOperatorDirectories()[pri:0, instance:com.selenium.Test.OperatorTest@1f021e6c] output={null}]]]>
              </value>
            </param>
          </params>
          <reporter-output>
          </reporter-output>
        </test-method> <!-- attachScreenshot -->
        <test-method status="PASS" signature="closeBrowser()[pri:0, instance:com.selenium.Test.OperatorTest@1f021e6c]" name="closeBrowser" is-config="true" duration-ms="982" started-at="2021-07-05T19:51:44 IST" finished-at="2021-07-05T19:51:45 IST">
          <reporter-output>
          </reporter-output>
        </test-method> <!-- closeBrowser -->
        <test-method status="PASS" signature="intializeWebdriver()[pri:0, instance:com.selenium.Test.OperatorTest@1f021e6c]" name="intializeWebdriver" is-config="true" duration-ms="1292" started-at="2021-07-05T19:51:45 IST" finished-at="2021-07-05T19:51:46 IST">
          <reporter-output>
          </reporter-output>
        </test-method> <!-- intializeWebdriver -->
        <test-method status="PASS" signature="openBrowser()[pri:0, instance:com.selenium.Test.OperatorTest@1f021e6c]" name="openBrowser" is-config="true" duration-ms="3258" started-at="2021-07-05T19:51:46 IST" finished-at="2021-07-05T19:51:50 IST">
          <reporter-output>
          </reporter-output>
        </test-method> <!-- openBrowser -->
        <test-method status="PASS" signature="TopOperator(java.lang.String, java.lang.String, java.lang.String)[pri:0, instance:com.selenium.Test.OperatorTest@1f021e6c]" name="TopOperator" duration-ms="6770" started-at="2021-07-05T19:51:50 IST" data-provider="TopOperator" finished-at="2021-07-05T19:51:56 IST">
          <params>
            <param index="0">
              <value>
                <![CDATA[Ramnagar (Uttrakhand)]]>
              </value>
            </param>
            <param index="1">
              <value>
                <![CDATA[Delhi (All Locations)]]>
              </value>
            </param>
            <param index="2">
              <value>
                <![CDATA[Yes]]>
              </value>
            </param>
          </params>
          <reporter-output>
          </reporter-output>
        </test-method> <!-- TopOperator -->
        <test-method status="PASS" signature="closeBrowser()[pri:0, instance:com.selenium.Test.OperatorTest@1f021e6c]" name="closeBrowser" is-config="true" duration-ms="964" started-at="2021-07-05T19:51:56 IST" finished-at="2021-07-05T19:51:57 IST">
          <reporter-output>
          </reporter-output>
        </test-method> <!-- closeBrowser -->
        <test-method status="PASS" signature="attachScreenshot(org.testng.ITestResult)[pri:0, instance:com.selenium.Test.OperatorTest@1f021e6c]" name="attachScreenshot" is-config="true" duration-ms="0" started-at="2021-07-05T19:51:56 IST" finished-at="2021-07-05T19:51:56 IST">
          <params>
            <param index="0">
              <value>
                <![CDATA[[TestResult name=TopOperator status=SUCCESS method=OperatorTest.TopOperator(java.lang.String, java.lang.String, java.lang.String)[pri:0, instance:com.selenium.Test.OperatorTest@1f021e6c] output={null}]]]>
              </value>
            </param>
          </params>
          <reporter-output>
          </reporter-output>
        </test-method> <!-- attachScreenshot -->
      </class> <!-- com.selenium.Test.OperatorTest -->
      <class name="com.selenium.Test.LoginTest">
        <test-method status="PASS" signature="intializeWebdriver()[pri:0, instance:com.selenium.Test.LoginTest@4ae82894]" name="intializeWebdriver" is-config="true" duration-ms="1446" started-at="2021-07-05T19:53:29 IST" finished-at="2021-07-05T19:53:31 IST">
          <reporter-output>
          </reporter-output>
        </test-method> <!-- intializeWebdriver -->
        <test-method status="PASS" signature="openBrowser()[pri:0, instance:com.selenium.Test.LoginTest@4ae82894]" name="openBrowser" is-config="true" duration-ms="3705" started-at="2021-07-05T19:53:31 IST" finished-at="2021-07-05T19:53:35 IST">
          <reporter-output>
          </reporter-output>
        </test-method> <!-- openBrowser -->
        <test-method status="FAIL" signature="IN_ValidLogin(java.lang.String, java.lang.String, java.lang.String)[pri:0, instance:com.selenium.Test.LoginTest@4ae82894]" name="IN_ValidLogin" duration-ms="8489" started-at="2021-07-05T19:53:35 IST" data-provider="InValidLogin" finished-at="2021-07-05T19:53:43 IST">
          <params>
            <param index="0">
              <value>
                <![CDATA[yogi1234up@gmail.com]]>
              </value>
            </param>
            <param index="1">
              <value>
                <![CDATA[Seleinum@123]]>
              </value>
            </param>
            <param index="2">
              <value>
                <![CDATA[Yes]]>
              </value>
            </param>
          </params>
          <exception class="java.lang.AssertionError">
            <message>
              <![CDATA[expected [ Book Bus Travels, AC Volvo Bus, rPool & Bus Hire - redBus India ] but found [Sign in - Google Accounts]]]>
            </message>
            <full-stacktrace>
              <![CDATA[java.lang.AssertionError: expected [ Book Bus Travels, AC Volvo Bus, rPool & Bus Hire - redBus India ] but found [Sign in - Google Accounts]
at org.testng.Assert.fail(Assert.java:99)
at org.testng.Assert.failNotEquals(Assert.java:1037)
at org.testng.Assert.assertEqualsImpl(Assert.java:140)
at org.testng.Assert.assertEquals(Assert.java:122)
at org.testng.Assert.assertEquals(Assert.java:629)
at org.testng.Assert.assertEquals(Assert.java:639)
at com.selenium.Test.LoginTest.IN_ValidLogin(LoginTest.java:97)
at sun.reflect.NativeMethodAccessorImpl.invoke0(Native Method)
at sun.reflect.NativeMethodAccessorImpl.invoke(NativeMethodAccessorImpl.java:62)
at sun.reflect.DelegatingMethodAccessorImpl.invoke(DelegatingMethodAccessorImpl.java:43)
at java.lang.reflect.Method.invoke(Method.java:498)
at org.testng.internal.MethodInvocationHelper.invokeMethod(MethodInvocationHelper.java:132)
at org.testng.internal.TestInvoker.invokeMethod(TestInvoker.java:599)
at org.testng.internal.TestInvoker.invokeTestMethod(TestInvoker.java:174)
at org.testng.internal.MethodRunner.runInSequence(MethodRunner.java:46)
at org.testng.internal.TestInvoker$MethodInvocationAgent.invoke(TestInvoker.java:822)
at org.testng.internal.TestInvoker.invokeTestMethods(TestInvoker.java:147)
at org.testng.internal.TestMethodWorker.invokeTestMethods(TestMethodWorker.java:146)
at org.testng.internal.TestMethodWorker.run(TestMethodWorker.java:128)
at java.util.ArrayList.forEach(ArrayList.java:1257)
at org.testng.TestRunner.privateRun(TestRunner.java:764)
at org.testng.TestRunner.run(TestRunner.java:585)
at org.testng.SuiteRunner.runTest(SuiteRunner.java:384)
at org.testng.SuiteRunner.runSequentially(SuiteRunner.java:378)
at org.testng.SuiteRunner.privateRun(SuiteRunner.java:337)
at org.testng.SuiteRunner.run(SuiteRunner.java:286)
at org.testng.SuiteRunnerWorker.runSuite(SuiteRunnerWorker.java:53)
at org.testng.SuiteRunnerWorker.run(SuiteRunnerWorker.java:96)
at org.testng.TestNG.runSuitesSequentially(TestNG.java:1218)
at org.testng.TestNG.runSuitesLocally(TestNG.java:1140)
at org.testng.TestNG.runSuites(TestNG.java:1069)
at org.testng.TestNG.run(TestNG.java:1037)
at org.testng.remote.AbstractRemoteTestNG.run(AbstractRemoteTestNG.java:115)
at org.testng.remote.RemoteTestNG.initAndRun(RemoteTestNG.java:251)
at org.testng.remote.RemoteTestNG.main(RemoteTestNG.java:77)
]]>
            </full-stacktrace>
          </exception> <!-- java.lang.AssertionError -->
          <reporter-output>
          </reporter-output>
        </test-method> <!-- IN_ValidLogin -->
        <test-method status="PASS" signature="attachScreenshot(org.testng.ITestResult)[pri:0, instance:com.selenium.Test.LoginTest@4ae82894]" name="attachScreenshot" is-config="true" duration-ms="407" started-at="2021-07-05T19:53:43 IST" finished-at="2021-07-05T19:53:43 IST">
          <params>
            <param index="0">
              <value>
                <![CDATA[[TestResult name=IN_ValidLogin status=FAILURE method=LoginTest.IN_ValidLogin(java.lang.String, java.lang.String, java.lang.String)[pri:0, instance:com.selenium.Test.LoginTest@4ae82894] output={null}]]]>
              </value>
            </param>
          </params>
          <reporter-output>
          </reporter-output>
        </test-method> <!-- attachScreenshot -->
        <test-method status="PASS" signature="closeBrowser()[pri:0, instance:com.selenium.Test.LoginTest@4ae82894]" name="closeBrowser" is-config="true" duration-ms="1065" started-at="2021-07-05T19:53:43 IST" finished-at="2021-07-05T19:53:44 IST">
          <reporter-output>
          </reporter-output>
        </test-method> <!-- closeBrowser -->
        <test-method status="PASS" signature="intializeWebdriver()[pri:0, instance:com.selenium.Test.LoginTest@4ae82894]" name="intializeWebdriver" is-config="true" duration-ms="1451" started-at="2021-07-05T19:53:45 IST" finished-at="2021-07-05T19:53:46 IST">
          <reporter-output>
          </reporter-output>
        </test-method> <!-- intializeWebdriver -->
        <test-method status="PASS" signature="openBrowser()[pri:0, instance:com.selenium.Test.LoginTest@4ae82894]" name="openBrowser" is-config="true" duration-ms="3529" started-at="2021-07-05T19:53:46 IST" finished-at="2021-07-05T19:53:50 IST">
          <reporter-output>
          </reporter-output>
        </test-method> <!-- openBrowser -->
        <test-method status="PASS" signature="ValidLogin(java.lang.String, java.lang.String, java.lang.String)[pri:0, instance:com.selenium.Test.LoginTest@4ae82894]" name="ValidLogin" duration-ms="12535" started-at="2021-07-05T19:53:50 IST" data-provider="ValidLogin" finished-at="2021-07-05T19:54:02 IST">
          <params>
            <param index="0">
              <value>
                <![CDATA[yogi1234up@gmail.com]]>
              </value>
            </param>
            <param index="1">
              <value>
                <![CDATA[Selenium@12]]>
              </value>
            </param>
            <param index="2">
              <value>
                <![CDATA[Yes]]>
              </value>
            </param>
          </params>
          <reporter-output>
          </reporter-output>
        </test-method> <!-- ValidLogin -->
        <test-method status="PASS" signature="attachScreenshot(org.testng.ITestResult)[pri:0, instance:com.selenium.Test.LoginTest@4ae82894]" name="attachScreenshot" is-config="true" duration-ms="1" started-at="2021-07-05T19:54:02 IST" finished-at="2021-07-05T19:54:02 IST">
          <params>
            <param index="0">
              <value>
                <![CDATA[[TestResult name=ValidLogin status=SUCCESS method=LoginTest.ValidLogin(java.lang.String, java.lang.String, java.lang.String)[pri:0, instance:com.selenium.Test.LoginTest@4ae82894] output={null}]]]>
              </value>
            </param>
          </params>
          <reporter-output>
          </reporter-output>
        </test-method> <!-- attachScreenshot -->
        <test-method status="PASS" signature="closeBrowser()[pri:0, instance:com.selenium.Test.LoginTest@4ae82894]" name="closeBrowser" is-config="true" duration-ms="1014" started-at="2021-07-05T19:54:02 IST" finished-at="2021-07-05T19:54:03 IST">
          <reporter-output>
          </reporter-output>
        </test-method> <!-- closeBrowser -->
      </class> <!-- com.selenium.Test.LoginTest -->
    </test> <!-- Test -->
  </suite> <!-- Suite -->
</testng-results>
