<?xml version="1.0" encoding="UTF-8"?>
<testng-results skipped="0" failed="0" ignored="1" total="2" passed="1">
  <reporter-output>
  </reporter-output>
  <suite name="Default suite" duration-ms="20353" started-at="2021-07-04T18:15:28 IST" finished-at="2021-07-04T18:15:48 IST">
    <groups>
    </groups>
    <test name="Default test" duration-ms="20353" started-at="2021-07-04T18:15:28 IST" finished-at="2021-07-04T18:15:48 IST">
      <class name="com.selenium.Test.LoginTest">
        <test-method status="PASS" signature="setExtent()[pri:0, instance:com.selenium.Test.LoginTest@6fb0d3ed]" name="setExtent" is-config="true" duration-ms="223" started-at="2021-07-04T18:15:28 IST" finished-at="2021-07-04T18:15:28 IST">
          <reporter-output>
          </reporter-output>
        </test-method> <!-- setExtent -->
        <test-method status="PASS" signature="intializeWebdriver()[pri:0, instance:com.selenium.Test.LoginTest@6fb0d3ed]" name="intializeWebdriver" is-config="true" duration-ms="3356" started-at="2021-07-04T18:15:29 IST" finished-at="2021-07-04T18:15:32 IST">
          <reporter-output>
          </reporter-output>
        </test-method> <!-- intializeWebdriver -->
        <test-method status="PASS" signature="openBrowser()[pri:0, instance:com.selenium.Test.LoginTest@6fb0d3ed]" name="openBrowser" is-config="true" duration-ms="2517" started-at="2021-07-04T18:15:32 IST" finished-at="2021-07-04T18:15:35 IST">
          <reporter-output>
          </reporter-output>
        </test-method> <!-- openBrowser -->
        <test-method status="PASS" signature="ValidLogin(java.lang.String, java.lang.String, java.lang.String)[pri:0, instance:com.selenium.Test.LoginTest@6fb0d3ed]" name="ValidLogin" duration-ms="12345" started-at="2021-07-04T18:15:35 IST" data-provider="ValidLogin" finished-at="2021-07-04T18:15:47 IST">
          <params>
            <param index="0">
              <value>
                <![CDATA[yogi1234up@gmail.com]]>
              </value>
            </param>
            <param index="1">
              <value>
                <![CDATA[Selenium@12]]>
              </value>
            </param>
            <param index="2">
              <value>
                <![CDATA[Yes]]>
              </value>
            </param>
          </params>
          <reporter-output>
          </reporter-output>
        </test-method> <!-- ValidLogin -->
        <test-method status="PASS" signature="attachScreenshot(org.testng.ITestResult)[pri:0, instance:com.selenium.Test.LoginTest@6fb0d3ed]" name="attachScreenshot" is-config="true" duration-ms="9" started-at="2021-07-04T18:15:47 IST" finished-at="2021-07-04T18:15:47 IST">
          <params>
            <param index="0">
              <value>
                <![CDATA[[TestResult name=ValidLogin status=SUCCESS method=LoginTest.ValidLogin(java.lang.String, java.lang.String, java.lang.String)[pri:0, instance:com.selenium.Test.LoginTest@6fb0d3ed] output={null}]]]>
              </value>
            </param>
          </params>
          <reporter-output>
          </reporter-output>
        </test-method> <!-- attachScreenshot -->
        <test-method status="PASS" signature="closeBrowser()[pri:0, instance:com.selenium.Test.LoginTest@6fb0d3ed]" name="closeBrowser" is-config="true" duration-ms="1052" started-at="2021-07-04T18:15:47 IST" finished-at="2021-07-04T18:15:48 IST">
          <reporter-output>
          </reporter-output>
        </test-method> <!-- closeBrowser -->
        <test-method status="PASS" signature="endReport()[pri:0, instance:com.selenium.Test.LoginTest@6fb0d3ed]" name="endReport" is-config="true" duration-ms="669" started-at="2021-07-04T18:15:48 IST" finished-at="2021-07-04T18:15:49 IST">
          <reporter-output>
          </reporter-output>
        </test-method> <!-- endReport -->
      </class> <!-- com.selenium.Test.LoginTest -->
    </test> <!-- Default test -->
  </suite> <!-- Default suite -->
</testng-results>
