<?xml version="1.0" encoding="UTF-8"?>
<!-- Generated by org.testng.reporters.JUnitXMLReporter -->
<testsuite hostname="yougeshghildyal" ignored="2" name="Default test" tests="1" failures="0" timestamp="2021-07-05T13:40:18 IST" time="25.856" errors="0">
  <testcase name="AirPortType" time="17.586" classname="com.selenium.Test.BusHireTest"/>
  <testcase name="LocalType" time="0.0" classname="com.selenium.Test.BusHireTest">
    <ignored/>
  </testcase> <!-- LocalType -->
  <testcase name="OutstationType" time="0.0" classname="com.selenium.Test.BusHireTest">
    <ignored/>
  </testcase> <!-- OutstationType -->
</testsuite> <!-- Default test -->
