<?xml version="1.0" encoding="UTF-8"?>
<!-- Generated by org.testng.reporters.JUnitXMLReporter -->
<testsuite hostname="yougeshghildyal" ignored="1" name="Default test" tests="1" failures="0" timestamp="2021-07-04T18:15:48 IST" time="20.353" errors="0">
  <testcase name="ValidLogin" time="12.345" classname="com.selenium.Test.LoginTest"/>
  <testcase name="IN_ValidLogin" time="0.0" classname="com.selenium.Test.LoginTest">
    <ignored/>
  </testcase> <!-- IN_ValidLogin -->
</testsuite> <!-- Default test -->
